<?xml version="1.0" encoding="UTF-8"?>
<!-- Generated by org.testng.reporters.JUnitReportReporter -->
<testsuite hostname="DESKTOP-S0T7VIK" name="com.jiraApi.Putcommand" tests="1" failures="0" timestamp="5 Jun 2021 07:32:39 GMT" time="7.449" errors="0">
  <testcase name="Putmethod" time="7.449" classname="com.jiraApi.Putcommand"/>
</testsuite> <!-- com.jiraApi.Putcommand -->
