<?xml version="1.0" encoding="UTF-8"?>
<!-- Generated by org.testng.reporters.JUnitReportReporter -->
<testsuite hostname="DESKTOP-S0T7VIK" name="com.jiraApi.Getcommond" tests="1" failures="0" timestamp="16 Jun 2021 04:00:43 GMT" time="18.932" errors="0">
  <testcase name="getmethod" time="18.932" classname="com.jiraApi.Getcommond"/>
</testsuite> <!-- com.jiraApi.Getcommond -->
