<?xml version="1.0" encoding="UTF-8"?>
<!-- Generated by org.testng.reporters.JUnitReportReporter -->
<testsuite hostname="DESKTOP-S0T7VIK" name="complexPojoJira.Getmethod" tests="1" failures="0" timestamp="16 Jun 2021 07:06:31 GMT" time="150.868" errors="0">
  <testcase name="getmethod" time="150.868" classname="complexPojoJira.Getmethod"/>
</testsuite> <!-- complexPojoJira.Getmethod -->
