<?xml version="1.0" encoding="UTF-8"?>
<!-- Generated by org.testng.reporters.JUnitReportReporter -->
<testsuite hostname="DESKTOP-S0T7VIK" name="com.httpmethods.PutPatchMethod" tests="2" failures="0" timestamp="28 May 2021 05:33:22 GMT" time="7.946" errors="0">
  <testcase name="patchMethod" time="1.773" classname="com.httpmethods.PutPatchMethod"/>
  <testcase name="putMethod" time="6.173" classname="com.httpmethods.PutPatchMethod"/>
</testsuite> <!-- com.httpmethods.PutPatchMethod -->
