<?xml version="1.0" encoding="UTF-8"?>
<!-- Generated by org.testng.reporters.JUnitReportReporter -->
<testsuite hostname="DESKTOP-S0T7VIK" name="com.jiraApi.Postcommand" tests="1" failures="0" timestamp="5 Jun 2021 07:29:56 GMT" time="6.446" errors="0">
  <testcase name="postMethod" time="6.446" classname="com.jiraApi.Postcommand"/>
</testsuite> <!-- com.jiraApi.Postcommand -->
