<?xml version="1.0" encoding="UTF-8"?>
<!-- Generated by org.testng.reporters.JUnitReportReporter -->
<testsuite hostname="DESKTOP-S0T7VIK" name="com.httpmethods.Getmethod" tests="2" failures="0" timestamp="28 May 2021 11:43:35 GMT" time="5.351" errors="0">
  <testcase name="getMethod" time="3.778" classname="com.httpmethods.Getmethod"/>
  <testcase name="getMethod_2" time="1.573" classname="com.httpmethods.Getmethod"/>
</testsuite> <!-- com.httpmethods.Getmethod -->
