<?xml version="1.0" encoding="UTF-8"?>
<!-- Generated by org.testng.reporters.JUnitReportReporter -->
<testsuite hostname="DESKTOP-S0T7VIK" name="oauth2.Oauth2Ex" tests="1" failures="0" timestamp="15 Jun 2021 07:16:12 GMT" time="17.906" errors="0">
  <testcase name="oAuth2" time="17.906" classname="oauth2.Oauth2Ex"/>
</testsuite> <!-- oauth2.Oauth2Ex -->
