<?xml version="1.0" encoding="UTF-8"?>
<!-- Generated by org.testng.reporters.JUnitReportReporter -->
<testsuite hostname="DESKTOP-S0T7VIK" name="jiraComplexSeriliztion.PostMethod" tests="1" failures="0" timestamp="17 Jun 2021 06:10:08 GMT" time="54.543" errors="0">
  <testcase name="postMethod" time="54.543" classname="jiraComplexSeriliztion.PostMethod"/>
</testsuite> <!-- jiraComplexSeriliztion.PostMethod -->
