<?xml version="1.0" encoding="UTF-8"?>
<!-- Generated by org.testng.reporters.JUnitReportReporter -->
<testsuite hostname="DESKTOP-S0T7VIK" name="com.serilizationOauth2.PostMethod" tests="1" failures="0" timestamp="17 Jun 2021 04:59:55 GMT" time="8.201" errors="0">
  <testcase name="oAuth2" time="8.201" classname="com.serilizationOauth2.PostMethod"/>
</testsuite> <!-- com.serilizationOauth2.PostMethod -->
