<?xml version="1.0" encoding="UTF-8"?>
<!-- Generated by org.testng.reporters.JUnitReportReporter -->
<testsuite hostname="DESKTOP-S0T7VIK" name="com.cookieBased.GetMethodFilter" tests="1" failures="0" timestamp="5 Jun 2021 13:47:35 GMT" time="12.091" errors="0">
  <testcase name="getMethod" time="12.091" classname="com.cookieBased.GetMethodFilter"/>
</testsuite> <!-- com.cookieBased.GetMethodFilter -->
