<?xml version="1.0" encoding="UTF-8"?>
<!-- Generated by org.testng.reporters.JUnitReportReporter -->
<testsuite hostname="DESKTOP-S0T7VIK" name="com.httpmethods.QueryParam" tests="2" failures="0" timestamp="1 Jun 2021 06:56:53 GMT" time="7.165" errors="0">
  <testcase name="nestedParams" time="6.191" classname="com.httpmethods.QueryParam"/>
  <testcase name="queryParams" time="0.974" classname="com.httpmethods.QueryParam"/>
</testsuite> <!-- com.httpmethods.QueryParam -->
